CRITICAL - 2025-04-28 01:25:37 --> ErrorException: Undefined array key "image"
[Method: GET, Route: quienes-somos]
in APPPATH\Views\about.php on line 189.
 1 APPPATH\Views\about.php(189): CodeIgniter\Debug\Exceptions->errorHandler(2, 'Undefined array key "image"', 'C:\\xampp\\htdocs\\pruebacodeneigter\\app\\Views\\about.php', 189)
 2 SYSTEMPATH\View\View.php(224): include('C:\\xampp\\htdocs\\pruebacodeneigter\\app\\Views\\about.php')
 3 SYSTEMPATH\View\View.php(227): CodeIgniter\View\View->CodeIgniter\View\{closure}()
 4 SYSTEMPATH\Common.php(1173): CodeIgniter\View\View->render('about.php', [], true)
 5 APPPATH\Controllers\Home.php(23): view('about.php', [...])
 6 SYSTEMPATH\CodeIgniter.php(933): App\Controllers\Home->about()
 7 SYSTEMPATH\CodeIgniter.php(507): CodeIgniter\CodeIgniter->runController(Object(App\Controllers\Home))
 8 SYSTEMPATH\CodeIgniter.php(354): CodeIgniter\CodeIgniter->handleRequest(null, Object(Config\Cache), false)
 9 SYSTEMPATH\Boot.php(334): CodeIgniter\CodeIgniter->run()
10 SYSTEMPATH\Boot.php(67): CodeIgniter\Boot::runCodeIgniter(Object(CodeIgniter\CodeIgniter))
11 FCPATH\index.php(56): CodeIgniter\Boot::bootWeb(Object(Config\Paths))
CRITICAL - 2025-04-28 01:25:42 --> ErrorException: Undefined array key "image"
[Method: GET, Route: quienes-somos]
in APPPATH\Views\about.php on line 189.
 1 APPPATH\Views\about.php(189): CodeIgniter\Debug\Exceptions->errorHandler(2, 'Undefined array key "image"', 'C:\\xampp\\htdocs\\pruebacodeneigter\\app\\Views\\about.php', 189)
 2 SYSTEMPATH\View\View.php(224): include('C:\\xampp\\htdocs\\pruebacodeneigter\\app\\Views\\about.php')
 3 SYSTEMPATH\View\View.php(227): CodeIgniter\View\View->CodeIgniter\View\{closure}()
 4 SYSTEMPATH\Common.php(1173): CodeIgniter\View\View->render('about.php', [], true)
 5 APPPATH\Controllers\Home.php(23): view('about.php', [...])
 6 SYSTEMPATH\CodeIgniter.php(933): App\Controllers\Home->about()
 7 SYSTEMPATH\CodeIgniter.php(507): CodeIgniter\CodeIgniter->runController(Object(App\Controllers\Home))
 8 SYSTEMPATH\CodeIgniter.php(354): CodeIgniter\CodeIgniter->handleRequest(null, Object(Config\Cache), false)
 9 SYSTEMPATH\Boot.php(334): CodeIgniter\CodeIgniter->run()
10 SYSTEMPATH\Boot.php(67): CodeIgniter\Boot::runCodeIgniter(Object(CodeIgniter\CodeIgniter))
11 FCPATH\index.php(56): CodeIgniter\Boot::bootWeb(Object(Config\Paths))
CRITICAL - 2025-04-28 02:02:51 --> ErrorException: Undefined array key "image"
[Method: GET, Route: quienes-somos]
in APPPATH\Views\about.php on line 236.
 1 APPPATH\Views\about.php(236): CodeIgniter\Debug\Exceptions->errorHandler(2, 'Undefined array key "image"', 'C:\\xampp\\htdocs\\pruebacodeneigter\\app\\Views\\about.php', 236)
 2 SYSTEMPATH\View\View.php(224): include('C:\\xampp\\htdocs\\pruebacodeneigter\\app\\Views\\about.php')
 3 SYSTEMPATH\View\View.php(227): CodeIgniter\View\View->CodeIgniter\View\{closure}()
 4 SYSTEMPATH\Common.php(1173): CodeIgniter\View\View->render('about.php', [], true)
 5 APPPATH\Controllers\Home.php(24): view('about.php', [...])
 6 SYSTEMPATH\CodeIgniter.php(933): App\Controllers\Home->about()
 7 SYSTEMPATH\CodeIgniter.php(507): CodeIgniter\CodeIgniter->runController(Object(App\Controllers\Home))
 8 SYSTEMPATH\CodeIgniter.php(354): CodeIgniter\CodeIgniter->handleRequest(null, Object(Config\Cache), false)
 9 SYSTEMPATH\Boot.php(334): CodeIgniter\CodeIgniter->run()
10 SYSTEMPATH\Boot.php(67): CodeIgniter\Boot::runCodeIgniter(Object(CodeIgniter\CodeIgniter))
11 FCPATH\index.php(56): CodeIgniter\Boot::bootWeb(Object(Config\Paths))
